0 verbose cli /usr/local/bin/node /usr/local/bin/npm
1 info using npm@11.6.2
2 info using node@v24.11.1
3 silly config load:file:/usr/local/lib/node_modules/npm/npmrc
4 silly config load:file:/Users/mrrayan07/Desktop/capcore/v0-CapitalCoreFinance/.npmrc
5 silly config load:file:/Users/mrrayan07/.npmrc
6 silly config load:file:/usr/local/etc/npmrc
7 verbose title npm install @tabler/icons-react
8 verbose argv "install" "@tabler/icons-react"
9 verbose logfile logs-max:10 dir:/Users/mrrayan07/Desktop/capcore/v0-CapitalCoreFinance/.npm-cache/_logs/2026-01-22T09_40_34_290Z-
10 verbose logfile /Users/mrrayan07/Desktop/capcore/v0-CapitalCoreFinance/.npm-cache/_logs/2026-01-22T09_40_34_290Z-debug-0.log
11 silly logfile start cleaning logs, removing 1 files
12 silly logfile done cleaning log files
13 silly packumentCache heap:2348810240 maxSize:587202560 maxEntrySize:293601280
14 verbose shrinkwrap failed to load node_modules/.package-lock.json out of date, updated: node_modules
15 silly idealTree buildDeps
16 silly fetch manifest @tabler/icons-react@*
17 silly packumentCache full:https://registry.npmjs.org/@tabler%2ficons-react cache-miss
18 http fetch GET 200 https://registry.npmjs.org/@tabler%2ficons-react 825ms (cache miss)
19 silly packumentCache full:https://registry.npmjs.org/@tabler%2ficons-react set size:undefined disposed:false
20 silly fetch manifest react@19.2.0
21 silly packumentCache full:https://registry.npmjs.org/react cache-miss
22 http fetch GET 200 https://registry.npmjs.org/react 435ms (cache updated)
23 silly packumentCache full:https://registry.npmjs.org/react set size:undefined disposed:false
24 silly placeDep ROOT @tabler/icons-react@3.36.1 OK for: my-v0-project@0.1.0 want: *
25 silly fetch manifest @tabler/icons@
26 silly packumentCache full:https://registry.npmjs.org/@tabler%2ficons cache-miss
27 http fetch GET 200 https://registry.npmjs.org/@tabler%2ficons 127ms (cache miss)
28 silly packumentCache full:https://registry.npmjs.org/@tabler%2ficons set size:undefined disposed:false
29 silly placeDep ROOT @tabler/icons@3.36.1 OK for: @tabler/icons-react@3.36.1 want: *
30 silly fetch manifest react@^16.8 || ^17.0 || ^18.0
31 silly packumentCache full:https://registry.npmjs.org/react cache-miss
32 http cache https://registry.npmjs.org/react 8ms (cache hit)
33 silly packumentCache full:https://registry.npmjs.org/react set size:6402136 disposed:false
34 silly fetch manifest react-dom@^16.8 || ^17.0 || ^18.0
35 silly packumentCache full:https://registry.npmjs.org/react-dom cache-miss
36 http fetch GET 200 https://registry.npmjs.org/react-dom 246ms (cache updated)
37 silly packumentCache full:https://registry.npmjs.org/react-dom set size:undefined disposed:false
38 verbose stack Error: could not resolve
38 verbose stack     at PlaceDep.failPeerConflict (/usr/local/lib/node_modules/npm/node_modules/@npmcli/arborist/lib/place-dep.js:503:25)
38 verbose stack     at new PlaceDep (/usr/local/lib/node_modules/npm/node_modules/@npmcli/arborist/lib/place-dep.js:157:21)
38 verbose stack     at #buildDepStep (/usr/local/lib/node_modules/npm/node_modules/@npmcli/arborist/lib/arborist/build-ideal-tree.js:945:18)
38 verbose stack     at async Arborist.buildIdealTree (/usr/local/lib/node_modules/npm/node_modules/@npmcli/arborist/lib/arborist/build-ideal-tree.js:182:7)
38 verbose stack     at async Promise.all (index 1)
38 verbose stack     at async Arborist.reify (/usr/local/lib/node_modules/npm/node_modules/@npmcli/arborist/lib/arborist/reify.js:114:5)
38 verbose stack     at async Install.exec (/usr/local/lib/node_modules/npm/lib/commands/install.js:150:5)
38 verbose stack     at async Npm.exec (/usr/local/lib/node_modules/npm/lib/npm.js:208:9)
38 verbose stack     at async module.exports (/usr/local/lib/node_modules/npm/lib/cli/entry.js:67:5)
39 error code ERESOLVE
40 error ERESOLVE could not resolve
41 error
42 error While resolving: vaul@0.9.9
42 error Found: react@19.2.0[2m[22m
42 error [2mnode_modules/react[22m
42 error   [95mpeer[39m react@">=16.8.0" from @floating-ui/react-dom@2.1.6[2m[22m
42 error   [2mnode_modules/@floating-ui/react-dom[22m
42 error     @floating-ui/react-dom@"^2.0.0" from @radix-ui/react-popper@1.2.1[2m[22m
42 error     [2mnode_modules/@radix-ui/react-popper[22m
42 error       @radix-ui/react-popper@"1.2.1" from @radix-ui/react-hover-card@1.1.4[2m[22m
42 error       [2mnode_modules/@radix-ui/react-hover-card[22m
42 error         @radix-ui/react-hover-card@"1.1.4" from the root project
42 error       4 more (@radix-ui/react-menu, @radix-ui/react-popover, ...)
42 error   [95mpeer[39m react@"^16.8 || ^17.0 || ^18.0 || ^19.0 || ^19.0.0-rc" from @radix-ui/react-accordion@1.2.2[2m[22m
42 error   [2mnode_modules/@radix-ui/react-accordion[22m
42 error     @radix-ui/react-accordion@"1.2.2" from the root project
42 error   75 more (@radix-ui/react-alert-dialog, @radix-ui/react-arrow, ...)
42 error
42 error Could not resolve dependency:
42 error [95mpeer[39m react@"^16.8 || ^17.0 || ^18.0" from vaul@0.9.9[2m[22m
42 error [2mnode_modules/vaul[22m
42 error   vaul@"^0.9.9" from the root project
42 error
42 error Conflicting peer dependency: react@18.3.1[2m[22m
42 error [2mnode_modules/react[22m
42 error   [95mpeer[39m react@"^16.8 || ^17.0 || ^18.0" from vaul@0.9.9[2m[22m
42 error   [2mnode_modules/vaul[22m
42 error     vaul@"^0.9.9" from the root project
42 error
42 error Fix the upstream dependency conflict, or retry
42 error this command with --force or --legacy-peer-deps
42 error to accept an incorrect (and potentially broken) dependency resolution.
43 error
43 error
43 error For a full report see:
43 error /Users/mrrayan07/Desktop/capcore/v0-CapitalCoreFinance/.npm-cache/_logs/2026-01-22T09_40_34_290Z-eresolve-report.txt
44 silly unfinished npm timer reify 1769074834794
45 silly unfinished npm timer reify:loadTrees 1769074834795
46 silly unfinished npm timer idealTree:buildDeps 1769074834875
47 silly unfinished npm timer idealTree:node_modules/vaul 1769074836300
48 verbose cwd /Users/mrrayan07/Desktop/capcore/v0-CapitalCoreFinance
49 verbose os Darwin 25.1.0
50 verbose node v24.11.1
51 verbose npm  v11.6.2
52 verbose exit 1
53 verbose code 1
54 error A complete log of this run can be found in: /Users/mrrayan07/Desktop/capcore/v0-CapitalCoreFinance/.npm-cache/_logs/2026-01-22T09_40_34_290Z-debug-0.log
