0 verbose cli /usr/local/bin/node /usr/local/bin/npm
1 info using npm@11.6.2
2 info using node@v24.11.1
3 silly config load:file:/usr/local/lib/node_modules/npm/npmrc
4 silly config load:file:/Users/mrrayan07/Desktop/capcore/v0-CapitalCoreFinance/.npmrc
5 silly config load:file:/Users/mrrayan07/.npmrc
6 silly config load:file:/usr/local/etc/npmrc
7 verbose title npm install @tabler/icons-react
8 verbose argv "install" "@tabler/icons-react" "--legacy-peer-deps"
9 verbose logfile logs-max:10 dir:/Users/mrrayan07/Desktop/capcore/v0-CapitalCoreFinance/.npm-cache/_logs/2026-01-22T09_41_38_061Z-
10 verbose logfile /Users/mrrayan07/Desktop/capcore/v0-CapitalCoreFinance/.npm-cache/_logs/2026-01-22T09_41_38_061Z-debug-0.log
11 silly logfile start cleaning logs, removing 1 files
12 silly packumentCache heap:2348810240 maxSize:587202560 maxEntrySize:293601280
13 silly logfile done cleaning log files
14 verbose shrinkwrap failed to load node_modules/.package-lock.json out of date, updated: node_modules
15 silly idealTree buildDeps
16 silly fetch manifest @tabler/icons-react@*
17 silly packumentCache full:https://registry.npmjs.org/@tabler%2ficons-react cache-miss
18 http cache https://registry.npmjs.org/@tabler%2ficons-react 20ms (cache hit)
19 silly packumentCache full:https://registry.npmjs.org/@tabler%2ficons-react set size:282815 disposed:false
20 silly placeDep ROOT @tabler/icons-react@3.36.1 OK for: my-v0-project@0.1.0 want: *
21 silly fetch manifest @tabler/icons@
22 silly packumentCache full:https://registry.npmjs.org/@tabler%2ficons cache-miss
23 http cache https://registry.npmjs.org/@tabler%2ficons 110ms (cache hit)
24 silly packumentCache full:https://registry.npmjs.org/@tabler%2ficons set size:689976 disposed:false
25 silly placeDep ROOT @tabler/icons@3.36.1 OK for: @tabler/icons-react@3.36.1 want: *
26 silly reify moves {}
27 silly audit bulk request {
27 silly audit   '@alloc/quick-lru': [ '5.2.0' ],
27 silly audit   '@date-fns/tz': [ '1.2.0' ],
27 silly audit   '@emnapi/runtime': [ '1.8.1' ],
27 silly audit   '@emotion/is-prop-valid': [ '1.4.0' ],
27 silly audit   '@emotion/memoize': [ '0.9.0' ],
27 silly audit   '@firebase/ai': [ '2.6.1' ],
27 silly audit   '@firebase/analytics': [ '0.10.19' ],
27 silly audit   '@firebase/analytics-compat': [ '0.2.25' ],
27 silly audit   '@firebase/analytics-types': [ '0.8.3' ],
27 silly audit   '@firebase/app': [ '0.14.6' ],
27 silly audit   '@firebase/app-check': [ '0.11.0' ],
27 silly audit   '@firebase/app-check-compat': [ '0.4.0' ],
27 silly audit   '@firebase/app-check-interop-types': [ '0.3.3' ],
27 silly audit   '@firebase/app-check-types': [ '0.5.3' ],
27 silly audit   '@firebase/app-compat': [ '0.5.6' ],
27 silly audit   '@firebase/app-types': [ '0.9.3' ],
27 silly audit   '@firebase/auth': [ '1.12.0' ],
27 silly audit   '@firebase/auth-compat': [ '0.6.2' ],
27 silly audit   '@firebase/auth-interop-types': [ '0.2.4' ],
27 silly audit   '@firebase/auth-types': [ '0.13.0' ],
27 silly audit   '@firebase/component': [ '0.7.0' ],
27 silly audit   '@firebase/data-connect': [ '0.3.12' ],
27 silly audit   '@firebase/database': [ '1.1.0' ],
27 silly audit   '@firebase/database-compat': [ '2.1.0' ],
27 silly audit   '@firebase/database-types': [ '1.0.16' ],
27 silly audit   '@firebase/firestore': [ '4.9.3' ],
27 silly audit   '@firebase/firestore-compat': [ '0.4.3' ],
27 silly audit   '@firebase/firestore-types': [ '3.0.3' ],
27 silly audit   '@firebase/functions': [ '0.13.1' ],
27 silly audit   '@firebase/functions-compat': [ '0.4.1' ],
27 silly audit   '@firebase/functions-types': [ '0.6.3' ],
27 silly audit   '@firebase/installations': [ '0.6.19' ],
27 silly audit   '@firebase/installations-compat': [ '0.2.19' ],
27 silly audit   '@firebase/installations-types': [ '0.5.3' ],
27 silly audit   '@firebase/logger': [ '0.5.0' ],
27 silly audit   '@firebase/messaging': [ '0.12.23' ],
27 silly audit   '@firebase/messaging-compat': [ '0.2.23' ],
27 silly audit   '@firebase/messaging-interop-types': [ '0.2.3' ],
27 silly audit   '@firebase/performance': [ '0.7.9' ],
27 silly audit   '@firebase/performance-compat': [ '0.2.22' ],
27 silly audit   '@firebase/performance-types': [ '0.2.3' ],
27 silly audit   '@firebase/remote-config': [ '0.7.0' ],
27 silly audit   '@firebase/remote-config-compat': [ '0.2.20' ],
27 silly audit   '@firebase/remote-config-types': [ '0.5.0' ],
27 silly audit   '@firebase/storage': [ '0.14.0' ],
27 silly audit   '@firebase/storage-compat': [ '0.4.0' ],
27 silly audit   '@firebase/storage-types': [ '0.8.3' ],
27 silly audit   '@firebase/util': [ '1.13.0' ],
27 silly audit   '@firebase/webchannel-wrapper': [ '1.0.5' ],
27 silly audit   '@floating-ui/core': [ '1.7.3' ],
27 silly audit   '@floating-ui/dom': [ '1.7.4' ],
27 silly audit   '@floating-ui/react-dom': [ '2.1.6' ],
27 silly audit   '@floating-ui/utils': [ '0.2.10' ],
27 silly audit   '@grpc/grpc-js': [ '1.9.15' ],
27 silly audit   '@grpc/proto-loader': [ '0.7.15' ],
27 silly audit   '@hookform/resolvers': [ '3.10.0' ],
27 silly audit   '@img/colour': [ '1.0.0' ],
27 silly audit   '@img/sharp-darwin-arm64': [ '0.34.5' ],
27 silly audit   '@img/sharp-darwin-x64': [ '0.34.5' ],
27 silly audit   '@img/sharp-libvips-darwin-arm64': [ '1.2.4' ],
27 silly audit   '@img/sharp-libvips-darwin-x64': [ '1.2.4' ],
27 silly audit   '@img/sharp-libvips-linux-arm': [ '1.2.4' ],
27 silly audit   '@img/sharp-libvips-linux-arm64': [ '1.2.4' ],
27 silly audit   '@img/sharp-libvips-linux-ppc64': [ '1.2.4' ],
27 silly audit   '@img/sharp-libvips-linux-riscv64': [ '1.2.4' ],
27 silly audit   '@img/sharp-libvips-linux-s390x': [ '1.2.4' ],
27 silly audit   '@img/sharp-libvips-linux-x64': [ '1.2.4' ],
27 silly audit   '@img/sharp-libvips-linuxmusl-arm64': [ '1.2.4' ],
27 silly audit   '@img/sharp-libvips-linuxmusl-x64': [ '1.2.4' ],
27 silly audit   '@img/sharp-linux-arm': [ '0.34.5' ],
27 silly audit   '@img/sharp-linux-arm64': [ '0.34.5' ],
27 silly audit   '@img/sharp-linux-ppc64': [ '0.34.5' ],
27 silly audit   '@img/sharp-linux-riscv64': [ '0.34.5' ],
27 silly audit   '@img/sharp-linux-s390x': [ '0.34.5' ],
27 silly audit   '@img/sharp-linux-x64': [ '0.34.5' ],
27 silly audit   '@img/sharp-linuxmusl-arm64': [ '0.34.5' ],
27 silly audit   '@img/sharp-linuxmusl-x64': [ '0.34.5' ],
27 silly audit   '@img/sharp-wasm32': [ '0.34.5' ],
27 silly audit   '@img/sharp-win32-arm64': [ '0.34.5' ],
27 silly audit   '@img/sharp-win32-ia32': [ '0.34.5' ],
27 silly audit   '@img/sharp-win32-x64': [ '0.34.5' ],
27 silly audit   '@jridgewell/gen-mapping': [ '0.3.13' ],
27 silly audit   '@jridgewell/remapping': [ '2.3.5' ],
27 silly audit   '@jridgewell/resolve-uri': [ '3.1.2' ],
27 silly audit   '@jridgewell/sourcemap-codec': [ '1.5.5' ],
27 silly audit   '@jridgewell/trace-mapping': [ '0.3.31' ],
27 silly audit   '@next/env': [ '16.0.10' ],
27 silly audit   '@next/swc-darwin-arm64': [ '16.0.10' ],
27 silly audit   '@next/swc-darwin-x64': [ '16.0.10' ],
27 silly audit   '@next/swc-linux-arm64-gnu': [ '16.0.10' ],
27 silly audit   '@next/swc-linux-arm64-musl': [ '16.0.10' ],
27 silly audit   '@next/swc-linux-x64-gnu': [ '16.0.10' ],
27 silly audit   '@next/swc-linux-x64-musl': [ '16.0.10' ],
27 silly audit   '@next/swc-win32-arm64-msvc': [ '16.0.10' ],
27 silly audit   '@next/swc-win32-x64-msvc': [ '16.0.10' ],
27 silly audit   '@protobufjs/aspromise': [ '1.1.2' ],
27 silly audit   '@protobufjs/base64': [ '1.1.2' ],
27 silly audit   '@protobufjs/codegen': [ '2.0.4' ],
27 silly audit   '@protobufjs/eventemitter': [ '1.1.0' ],
27 silly audit   '@protobufjs/fetch': [ '1.1.0' ],
27 silly audit   '@protobufjs/float': [ '1.0.2' ],
27 silly audit   '@protobufjs/inquire': [ '1.1.0' ],
27 silly audit   '@protobufjs/path': [ '1.1.2' ],
27 silly audit   '@protobufjs/pool': [ '1.1.0' ],
27 silly audit   '@protobufjs/utf8': [ '1.1.0' ],
27 silly audit   '@radix-ui/number': [ '1.1.0' ],
27 silly audit   '@radix-ui/primitive': [ '1.1.1' ],
27 silly audit   '@radix-ui/react-accordion': [ '1.2.2' ],
27 silly audit   '@radix-ui/react-alert-dialog': [ '1.1.4' ],
27 silly audit   '@radix-ui/react-arrow': [ '1.1.1' ],
27 silly audit   '@radix-ui/react-aspect-ratio': [ '1.1.1' ],
27 silly audit   '@radix-ui/react-avatar': [ '1.1.2' ],
27 silly audit   '@radix-ui/react-checkbox': [ '1.1.3' ],
27 silly audit   '@radix-ui/react-collapsible': [ '1.1.2' ],
27 silly audit   '@radix-ui/react-collection': [ '1.1.1' ],
27 silly audit   '@radix-ui/react-compose-refs': [ '1.1.1' ],
27 silly audit   '@radix-ui/react-context': [ '1.1.1' ],
27 silly audit   '@radix-ui/react-context-menu': [ '2.2.4' ],
27 silly audit   '@radix-ui/react-dialog': [ '1.1.4' ],
27 silly audit   '@radix-ui/react-direction': [ '1.1.0' ],
27 silly audit   '@radix-ui/react-dismissable-layer': [ '1.1.3' ],
27 silly audit   '@radix-ui/react-dropdown-menu': [ '2.1.4' ],
27 silly audit   '@radix-ui/react-focus-guards': [ '1.1.1' ],
27 silly audit   '@radix-ui/react-focus-scope': [ '1.1.1' ],
27 silly audit   '@radix-ui/react-hover-card': [ '1.1.4' ],
27 silly audit   '@radix-ui/react-id': [ '1.1.0' ],
27 silly audit   '@radix-ui/react-label': [ '2.1.1' ],
27 silly audit   '@radix-ui/react-menu': [ '2.1.4' ],
27 silly audit   '@radix-ui/react-menubar': [ '1.1.4' ],
27 silly audit   '@radix-ui/react-navigation-menu': [ '1.2.3' ],
27 silly audit   '@radix-ui/react-popover': [ '1.1.4' ],
27 silly audit   '@radix-ui/react-popper': [ '1.2.1' ],
27 silly audit   '@radix-ui/react-portal': [ '1.1.3' ],
27 silly audit   '@radix-ui/react-presence': [ '1.1.2' ],
27 silly audit   '@radix-ui/react-primitive': [ '2.0.1' ],
27 silly audit   '@radix-ui/react-progress': [ '1.1.1' ],
27 silly audit   '@radix-ui/react-radio-group': [ '1.2.2' ],
27 silly audit   '@radix-ui/react-roving-focus': [ '1.1.1' ],
27 silly audit   '@radix-ui/react-scroll-area': [ '1.2.2' ],
27 silly audit   '@radix-ui/react-select': [ '2.1.4' ],
27 silly audit   '@radix-ui/react-separator': [ '1.1.1' ],
27 silly audit   '@radix-ui/react-slider': [ '1.2.2' ],
27 silly audit   '@radix-ui/react-slot': [ '1.1.1' ],
27 silly audit   '@radix-ui/react-switch': [ '1.1.2' ],
27 silly audit   '@radix-ui/react-tabs': [ '1.1.2' ],
27 silly audit   '@radix-ui/react-toast': [ '1.2.4' ],
27 silly audit   '@radix-ui/react-toggle': [ '1.1.1' ],
27 silly audit   '@radix-ui/react-toggle-group': [ '1.1.1' ],
27 silly audit   '@radix-ui/react-tooltip': [ '1.1.6' ],
27 silly audit   '@radix-ui/react-use-callback-ref': [ '1.1.0' ],
27 silly audit   '@radix-ui/react-use-controllable-state': [ '1.1.0' ],
27 silly audit   '@radix-ui/react-use-escape-keydown': [ '1.1.0' ],
27 silly audit   '@radix-ui/react-use-layout-effect': [ '1.1.0' ],
27 silly audit   '@radix-ui/react-use-previous': [ '1.1.0' ],
27 silly audit   '@radix-ui/react-use-rect': [ '1.1.0' ],
27 silly audit   '@radix-ui/react-use-size': [ '1.1.0' ],
27 silly audit   '@radix-ui/react-visually-hidden': [ '1.1.1' ],
27 silly audit   '@radix-ui/rect': [ '1.1.0' ],
27 silly audit   '@reduxjs/toolkit': [ '2.11.2' ],
27 silly audit   immer: [ '11.1.3', '10.2.0' ],
27 silly audit   '@standard-schema/spec': [ '1.1.0' ],
27 silly audit   '@standard-schema/utils': [ '0.3.0' ],
27 silly audit   '@swc/helpers': [ '0.5.15' ],
27 silly audit   '@tailwindcss/node': [ '4.1.18' ],
27 silly audit   '@tailwindcss/oxide': [ '4.1.18' ],
27 silly audit   '@tailwindcss/oxide-android-arm64': [ '4.1.18' ],
27 silly audit   '@tailwindcss/oxide-darwin-arm64': [ '4.1.18' ],
27 silly audit   '@tailwindcss/oxide-darwin-x64': [ '4.1.18' ],
27 silly audit   '@tailwindcss/oxide-freebsd-x64': [ '4.1.18' ],
27 silly audit   '@tailwindcss/oxide-linux-arm-gnueabihf': [ '4.1.18' ],
27 silly audit   '@tailwindcss/oxide-linux-arm64-gnu': [ '4.1.18' ],
27 silly audit   '@tailwindcss/oxide-linux-arm64-musl': [ '4.1.18' ],
27 silly audit   '@tailwindcss/oxide-linux-x64-gnu': [ '4.1.18' ],
27 silly audit   '@tailwindcss/oxide-linux-x64-musl': [ '4.1.18' ],
27 silly audit   '@tailwindcss/oxide-wasm32-wasi': [ '4.1.18' ],
27 silly audit   '@tailwindcss/oxide-win32-arm64-msvc': [ '4.1.18' ],
27 silly audit   '@tailwindcss/oxide-win32-x64-msvc': [ '4.1.18' ],
27 silly audit   '@tailwindcss/postcss': [ '4.1.18' ],
27 silly audit   '@types/d3-array': [ '3.2.2' ],
27 silly audit   '@types/d3-color': [ '3.1.3' ],
27 silly audit   '@types/d3-ease': [ '3.0.2' ],
27 silly audit   '@types/d3-interpolate': [ '3.0.4' ],
27 silly audit   '@types/d3-path': [ '3.1.1' ],
27 silly audit   '@types/d3-scale': [ '4.0.9' ],
27 silly audit   '@types/d3-shape': [ '3.1.8' ],
27 silly audit   '@types/d3-time': [ '3.0.4' ],
27 silly audit   '@types/d3-timer': [ '3.0.2' ],
27 silly audit   '@types/node': [ '22.19.7' ],
27 silly audit   '@types/react': [ '19.2.9' ],
27 silly audit   '@types/react-dom': [ '19.2.3' ],
27 silly audit   '@types/use-sync-external-store': [ '0.0.6' ],
27 silly audit   '@vercel/analytics': [ '1.6.1' ],
27 silly audit   'ansi-regex': [ '5.0.1' ],
27 silly audit   'ansi-styles': [ '4.3.0' ],
27 silly audit   'aria-hidden': [ '1.2.6' ],
27 silly audit   autoprefixer: [ '10.4.23' ],
27 silly audit   'baseline-browser-mapping': [ '2.9.16' ],
27 silly audit   browserslist: [ '4.28.1' ],
27 silly audit   'caniuse-lite': [ '1.0.30001765' ],
27 silly audit   'class-variance-authority': [ '0.7.1' ],
27 silly audit   'client-only': [ '0.0.1' ],
27 silly audit   cliui: [ '8.0.1' ],
27 silly audit   clsx: [ '2.1.1' ],
27 silly audit   cmdk: [ '1.0.4' ],
27 silly audit   'color-convert': [ '2.0.1' ],
27 silly audit   'color-name': [ '1.1.4' ],
27 silly audit   csstype: [ '3.2.3' ],
27 silly audit   'd3-array': [ '3.2.4' ],
27 silly audit   'd3-color': [ '3.1.0' ],
27 silly audit   'd3-ease': [ '3.0.1' ],
27 silly audit   'd3-format': [ '3.1.2' ],
27 silly audit   'd3-interpolate': [ '3.0.1' ],
27 silly audit   'd3-path': [ '3.1.0' ],
27 silly audit   'd3-scale': [ '4.0.2' ],
27 silly audit   'd3-shape': [ '3.2.0' ],
27 silly audit   'd3-time': [ '3.1.0' ],
27 silly audit   'd3-time-format': [ '4.1.0' ],
27 silly audit   'd3-timer': [ '3.0.1' ],
27 silly audit   'date-fns': [ '4.1.0' ],
27 silly audit   'date-fns-jalali': [ '4.1.0-0' ],
27 silly audit   'decimal.js-light': [ '2.5.1' ],
27 silly audit   'detect-libc': [ '2.1.2' ],
27 silly audit   'detect-node-es': [ '1.1.0' ],
27 silly audit   'electron-to-chromium': [ '1.5.267' ],
27 silly audit   'embla-carousel': [ '8.5.1' ],
27 silly audit   'embla-carousel-react': [ '8.5.1' ],
27 silly audit   'embla-carousel-reactive-utils': [ '8.5.1' ],
27 silly audit   'emoji-regex': [ '8.0.0' ],
27 silly audit   'enhanced-resolve': [ '5.18.4' ],
27 silly audit   'es-toolkit': [ '1.44.0' ],
27 silly audit   escalade: [ '3.2.0' ],
27 silly audit   eventemitter3: [ '5.0.4' ],
27 silly audit   'faye-websocket': [ '0.11.4' ],
27 silly audit   firebase: [ '12.7.0' ],
27 silly audit   'fraction.js': [ '5.3.4' ],
27 silly audit   'framer-motion': [ '12.27.5' ],
27 silly audit   'get-caller-file': [ '2.0.5' ],
27 silly audit   'get-nonce': [ '1.0.1' ],
27 silly audit   'graceful-fs': [ '4.2.11' ],
27 silly audit   gsap: [ '3.14.2' ],
27 silly audit   'http-parser-js': [ '0.5.10' ],
27 silly audit   idb: [ '7.1.1' ],
27 silly audit   'input-otp': [ '1.4.1' ],
27 silly audit   internmap: [ '2.0.3' ],
27 silly audit   'is-fullwidth-code-point': [ '3.0.0' ],
27 silly audit   jiti: [ '2.6.1' ],
27 silly audit   lenis: [ '1.3.17' ],
27 silly audit   lightningcss: [ '1.30.2' ],
27 silly audit   'lightningcss-android-arm64': [ '1.30.2' ],
27 silly audit   'lightningcss-darwin-arm64': [ '1.30.2' ],
27 silly audit   'lightningcss-darwin-x64': [ '1.30.2' ],
27 silly audit   'lightningcss-freebsd-x64': [ '1.30.2' ],
27 silly audit   'lightningcss-linux-arm-gnueabihf': [ '1.30.2' ],
27 silly audit   'lightningcss-linux-arm64-gnu': [ '1.30.2' ],
27 silly audit   'lightningcss-linux-arm64-musl': [ '1.30.2' ],
27 silly audit   'lightningcss-linux-x64-gnu': [ '1.30.2' ],
27 silly audit   'lightningcss-linux-x64-musl': [ '1.30.2' ],
27 silly audit   'lightningcss-win32-arm64-msvc': [ '1.30.2' ],
27 silly audit   'lightningcss-win32-x64-msvc': [ '1.30.2' ],
27 silly audit   'lodash.camelcase': [ '4.3.0' ],
27 silly audit   long: [ '5.3.2' ],
27 silly audit   'lucide-react': [ '0.454.0' ],
27 silly audit   'magic-string': [ '0.30.21' ],
27 silly audit   'motion-dom': [ '12.27.5' ],
27 silly audit   'motion-utils': [ '12.27.2' ],
27 silly audit   nanoid: [ '3.3.11' ],
27 silly audit   next: [ '16.0.10' ],
27 silly audit   'next-themes': [ '0.4.6' ],
27 silly audit   postcss: [ '8.4.31', '8.5.6' ],
27 silly audit   'node-releases': [ '2.0.27' ],
27 silly audit   picocolors: [ '1.1.1' ],
27 silly audit   'postcss-value-parser': [ '4.2.0' ],
27 silly audit   protobufjs: [ '7.5.4' ],
27 silly audit   react: [ '19.2.0' ],
27 silly audit   'react-day-picker': [ '9.8.0' ],
27 silly audit   'react-dom': [ '19.2.0' ],
27 silly audit   'react-hook-form': [ '7.71.1' ],
27 silly audit   'react-is': [ '19.2.3' ],
27 silly audit   'react-redux': [ '9.2.0' ],
27 silly audit   'react-remove-scroll': [ '2.7.2' ],
27 silly audit   'react-remove-scroll-bar': [ '2.3.8' ],
27 silly audit   'react-resizable-panels': [ '2.1.9' ],
27 silly audit   'react-style-singleton': [ '2.2.3' ],
27 silly audit   recharts: [ '3.6.0' ],
27 silly audit   redux: [ '5.0.1' ],
27 silly audit   'redux-thunk': [ '3.1.0' ],
27 silly audit   'require-directory': [ '2.1.1' ],
27 silly audit   reselect: [ '5.1.1' ],
27 silly audit   'safe-buffer': [ '5.2.1' ],
27 silly audit   scheduler: [ '0.27.0' ],
27 silly audit   semver: [ '7.7.3' ],
27 silly audit   sharp: [ '0.34.5' ],
27 silly audit   sonner: [ '1.7.4' ],
27 silly audit   'source-map-js': [ '1.2.1' ],
27 silly audit   'string-width': [ '4.2.3' ],
27 silly audit   'strip-ansi': [ '6.0.1' ],
27 silly audit   'styled-jsx': [ '5.1.6' ],
27 silly audit   'tailwind-merge': [ '2.6.0' ],
27 silly audit   tailwindcss: [ '4.1.18' ],
27 silly audit   'tailwindcss-animate': [ '1.0.7' ],
27 silly audit   tapable: [ '2.3.0' ],
27 silly audit   'tiny-invariant': [ '1.3.3' ],
27 silly audit   tslib: [ '2.8.1' ],
27 silly audit   'tw-animate-css': [ '1.3.3' ],
27 silly audit   typescript: [ '5.9.3' ],
27 silly audit   'undici-types': [ '6.21.0' ],
27 silly audit   'update-browserslist-db': [ '1.2.3' ],
27 silly audit   'use-callback-ref': [ '1.3.3' ],
27 silly audit   'use-sidecar': [ '1.1.3' ],
27 silly audit   'use-sync-external-store': [ '1.6.0' ],
27 silly audit   vaul: [ '0.9.9' ],
27 silly audit   'victory-vendor': [ '37.3.6' ],
27 silly audit   'web-vitals': [ '4.2.4' ],
27 silly audit   'websocket-driver': [ '0.7.4' ],
27 silly audit   'websocket-extensions': [ '0.1.4' ],
27 silly audit   'wrap-ansi': [ '7.0.0' ],
27 silly audit   y18n: [ '5.0.8' ],
27 silly audit   yargs: [ '17.7.2' ],
27 silly audit   'yargs-parser': [ '21.1.1' ],
27 silly audit   zod: [ '3.25.76' ],
27 silly audit   '@tabler/icons-react': [ '3.36.1' ],
27 silly audit   '@tabler/icons': [ '3.36.1' ]
27 silly audit }
28 http cache @tabler/icons@https://registry.npmjs.org/@tabler/icons/-/icons-3.36.1.tgz 0ms (cache hit)
29 http cache @tabler/icons-react@https://registry.npmjs.org/@tabler/icons-react/-/icons-react-3.36.1.tgz 0ms (cache hit)
30 silly tarball no local data for @tabler/icons@https://registry.npmjs.org/@tabler/icons/-/icons-3.36.1.tgz. Extracting by manifest.
31 silly tarball no local data for @tabler/icons-react@https://registry.npmjs.org/@tabler/icons-react/-/icons-react-3.36.1.tgz. Extracting by manifest.
32 http fetch POST 200 https://registry.npmjs.org/-/npm/v1/security/advisories/bulk 750ms
33 silly audit report {}
34 http fetch GET 200 https://registry.npmjs.org/@tabler/icons/-/icons-3.36.1.tgz 8332ms (cache miss)
35 http fetch GET 200 https://registry.npmjs.org/@tabler/icons-react/-/icons-react-3.36.1.tgz 9214ms (cache miss)
36 silly ADD node_modules/@tabler/icons
37 silly ADD node_modules/@tabler/icons-react
38 verbose cwd /Users/mrrayan07/Desktop/capcore/v0-CapitalCoreFinance
39 verbose os Darwin 25.1.0
40 verbose node v24.11.1
41 verbose npm  v11.6.2
42 verbose exit 0
43 info ok
